hybrid/platforms/android/build/outputs/logs/manifest-merger-debug-report.txt
-- Merging decision tree log ---
manifest
ADDED from platforms\android\AndroidManifest.xml:2:1-58:12
	package
		ADDED from platforms\android\AndroidManifest.xml:2:102-130
		INJECTED from platforms\android\AndroidManifest.xml
		INJECTED from platforms\android\AndroidManifest.xml
	android:versionName
		ADDED from platforms\android\AndroidManifest.xml:2:74-101
		INJECTED from platforms\android\AndroidManifest.xml
		INJECTED from platforms\android\AndroidManifest.xml
	android:hardwareAccelerated
		ADDED from platforms\android\AndroidManifest.xml:2:11-45
	android:versionCode
		ADDED from platforms\android\AndroidManifest.xml:2:46-73
		INJECTED from platforms\android\AndroidManifest.xml
		INJECTED from platforms\android\AndroidManifest.xml
	xmlns:android
		ADDED from platforms\android\AndroidManifest.xml:2:131-189
supports-screens
ADDED from platforms\android\AndroidManifest.xml:3:5-191
	android:largeScreens
		ADDED from platforms\android\AndroidManifest.xml:3:49-76
	android:smallScreens
		ADDED from platforms\android\AndroidManifest.xml:3:132-159
	android:normalScreens
		ADDED from platforms\android\AndroidManifest.xml:3:77-105
	android:xlargeScreens
		ADDED from platforms\android\AndroidManifest.xml:3:160-188
	android:resizeable
		ADDED from platforms\android\AndroidManifest.xml:3:106-131
	android:anyDensity
		ADDED from platforms\android\AndroidManifest.xml:3:23-48
uses-permission#android.permission.INTERNET
ADDED from platforms\android\AndroidManifest.xml:4:5-67
	android:name
		ADDED from platforms\android\AndroidManifest.xml:4:22-64
application
ADDED from platforms\android\AndroidManifest.xml:5:5-47:19
	android:label
		ADDED from platforms\android\AndroidManifest.xml:5:83-115
	android:supportsRtl
		ADDED from platforms\android\AndroidManifest.xml:5:116-142
	android:hardwareAccelerated
		ADDED from platforms\android\AndroidManifest.xml:5:18-52
	android:icon
		ADDED from platforms\android\AndroidManifest.xml:5:53-82
activity#org.oraclejet.apps.MainActivity
ADDED from platforms\android\AndroidManifest.xml:6:9-11:20
	android:label
		ADDED from platforms\android\AndroidManifest.xml:6:97-134
	android:launchMode
		ADDED from platforms\android\AndroidManifest.xml:6:135-165
	android:windowSoftInputMode
		ADDED from platforms\android\AndroidManifest.xml:6:257-299
	android:configChanges
		ADDED from platforms\android\AndroidManifest.xml:6:19-96
	android:theme
		ADDED from platforms\android\AndroidManifest.xml:6:194-256
	android:name
		ADDED from platforms\android\AndroidManifest.xml:6:166-193
intent-filter#android.intent.action.MAIN+android.intent.category.LAUNCHER
ADDED from platforms\android\AndroidManifest.xml:7:13-10:29
	android:label
		ADDED from platforms\android\AndroidManifest.xml:7:28-65
action#android.intent.action.MAIN
ADDED from platforms\android\AndroidManifest.xml:8:17-69
	android:name
		ADDED from platforms\android\AndroidManifest.xml:8:25-66
category#android.intent.category.LAUNCHER
ADDED from platforms\android\AndroidManifest.xml:9:17-77
	android:name
		ADDED from platforms\android\AndroidManifest.xml:9:27-74
receiver#com.xyz.plugins.baidupush.BaiduPushMessageReceiver
ADDED from platforms\android\AndroidManifest.xml:12:9-18:20
	android:name
		ADDED from platforms\android\AndroidManifest.xml:12:19-84
intent-filter#com.baidu.android.pushservice.action.MESSAGE+com.baidu.android.pushservice.action.RECEIVE+com.baidu.android.pushservice.action.notification.CLICK
ADDED from platforms\android\AndroidManifest.xml:13:13-17:29
action#com.baidu.android.pushservice.action.MESSAGE
ADDED from platforms\android\AndroidManifest.xml:14:17-87
	android:name
		ADDED from platforms\android\AndroidManifest.xml:14:25-84
action#com.baidu.android.pushservice.action.RECEIVE
ADDED from platforms\android\AndroidManifest.xml:15:17-87
	android:name
		ADDED from platforms\android\AndroidManifest.xml:15:25-84
action#com.baidu.android.pushservice.action.notification.CLICK
ADDED from platforms\android\AndroidManifest.xml:16:17-98
	android:name
		ADDED from platforms\android\AndroidManifest.xml:16:25-95
receiver#com.baidu.android.pushservice.PushServiceReceiver
ADDED from platforms\android\AndroidManifest.xml:19:9-30:20
	android:process
		ADDED from platforms\android\AndroidManifest.xml:19:84-115
	android:name
		ADDED from platforms\android\AndroidManifest.xml:19:19-83
intent-filter#android.intent.action.ACTION_POWER_CONNECTED+android.intent.action.ACTION_POWER_DISCONNECTED+android.intent.action.BOOT_COMPLETED+android.intent.action.MEDIA_MOUNTED+android.intent.action.USER_PRESENT+android.net.conn.CONNECTIVITY_CHANGE+com.baidu.android.pushservice.action.media.CLICK+com.baidu.android.pushservice.action.notification.SHOW
ADDED from platforms\android\AndroidManifest.xml:20:13-29:29
action#android.intent.action.BOOT_COMPLETED
ADDED from platforms\android\AndroidManifest.xml:21:17-79
	android:name
		ADDED from platforms\android\AndroidManifest.xml:21:25-76
action#android.net.conn.CONNECTIVITY_CHANGE
ADDED from platforms\android\AndroidManifest.xml:22:17-79
	android:name
		ADDED from platforms\android\AndroidManifest.xml:22:25-76
action#com.baidu.android.pushservice.action.notification.SHOW
ADDED from platforms\android\AndroidManifest.xml:23:17-97
	android:name
		ADDED from platforms\android\AndroidManifest.xml:23:25-94
action#com.baidu.android.pushservice.action.media.CLICK
ADDED from platforms\android\AndroidManifest.xml:24:17-91
	android:name
		ADDED from platforms\android\AndroidManifest.xml:24:25-88
action#android.intent.action.MEDIA_MOUNTED
ADDED from platforms\android\AndroidManifest.xml:25:17-78
	android:name
		ADDED from platforms\android\AndroidManifest.xml:25:25-75
action#android.intent.action.USER_PRESENT
ADDED from platforms\android\AndroidManifest.xml:26:17-77
	android:name
		ADDED from platforms\android\AndroidManifest.xml:26:25-74
action#android.intent.action.ACTION_POWER_CONNECTED
ADDED from platforms\android\AndroidManifest.xml:27:17-87
	android:name
		ADDED from platforms\android\AndroidManifest.xml:27:25-84
action#android.intent.action.ACTION_POWER_DISCONNECTED
ADDED from platforms\android\AndroidManifest.xml:28:17-90
	android:name
		ADDED from platforms\android\AndroidManifest.xml:28:25-87
receiver#com.baidu.android.pushservice.RegistrationReceiver
ADDED from platforms\android\AndroidManifest.xml:31:9-40:20
	android:process
		ADDED from platforms\android\AndroidManifest.xml:31:85-116
	android:name
		ADDED from platforms\android\AndroidManifest.xml:31:19-84
intent-filter#com.baidu.android.pushservice.action.BIND_SYNC+com.baidu.android.pushservice.action.METHOD
ADDED from platforms\android\AndroidManifest.xml:32:13-35:29
action#com.baidu.android.pushservice.action.METHOD
ADDED from platforms\android\AndroidManifest.xml:33:17-86
	android:name
		ADDED from platforms\android\AndroidManifest.xml:33:25-83
action#com.baidu.android.pushservice.action.BIND_SYNC
ADDED from platforms\android\AndroidManifest.xml:34:17-89
	android:name
		ADDED from platforms\android\AndroidManifest.xml:34:25-86
intent-filter#android.intent.action.PACKAGE_REMOVED
ADDED from platforms\android\AndroidManifest.xml:36:13-39:29
action#android.intent.action.PACKAGE_REMOVED
ADDED from platforms\android\AndroidManifest.xml:37:17-80
	android:name
		ADDED from platforms\android\AndroidManifest.xml:37:25-77
data
ADDED from platforms\android\AndroidManifest.xml:38:17-50
	android:scheme
		ADDED from platforms\android\AndroidManifest.xml:38:23-47
service#com.baidu.android.pushservice.PushService
ADDED from platforms\android\AndroidManifest.xml:41:9-45:19
	android:process
		ADDED from platforms\android\AndroidManifest.xml:41:99-130
	android:exported
		ADDED from platforms\android\AndroidManifest.xml:41:18-41
	android:name
		ADDED from platforms\android\AndroidManifest.xml:41:42-98
intent-filter#com.baidu.android.pushservice.action.PUSH_SERVICE
ADDED from platforms\android\AndroidManifest.xml:42:13-44:29
action#com.baidu.android.pushservice.action.PUSH_SERVICE
ADDED from platforms\android\AndroidManifest.xml:43:17-92
	android:name
		ADDED from platforms\android\AndroidManifest.xml:43:25-89
service#com.baidu.android.pushservice.CommandService
ADDED from platforms\android\AndroidManifest.xml:46:9-104
	android:exported
		ADDED from platforms\android\AndroidManifest.xml:46:18-41
	android:name
		ADDED from platforms\android\AndroidManifest.xml:46:42-101
uses-sdk
ADDED from platforms\android\AndroidManifest.xml:48:5-74
MERGED from [android:CordovaLib:unspecified:debug] AndroidManifest.xml:25:5-44
	android:targetSdkVersion
		ADDED from platforms\android\AndroidManifest.xml:48:42-71
	android:minSdkVersion
		ADDED from platforms\android\AndroidManifest.xml:48:15-41
uses-permission#android.permission.READ_PHONE_STATE
ADDED from platforms\android\AndroidManifest.xml:49:5-75
	android:name
		ADDED from platforms\android\AndroidManifest.xml:49:22-72
uses-permission#android.permission.ACCESS_NETWORK_STATE
ADDED from platforms\android\AndroidManifest.xml:50:5-79
	android:name
		ADDED from platforms\android\AndroidManifest.xml:50:22-76
uses-permission#android.permission.RECEIVE_BOOT_COMPLETED
ADDED from platforms\android\AndroidManifest.xml:51:5-81
	android:name
		ADDED from platforms\android\AndroidManifest.xml:51:22-78
uses-permission#android.permission.WRITE_SETTINGS
ADDED from platforms\android\AndroidManifest.xml:52:5-73
	android:name
		ADDED from platforms\android\AndroidManifest.xml:52:22-70
uses-permission#android.permission.VIBRATE
ADDED from platforms\android\AndroidManifest.xml:53:5-66
	android:name
		ADDED from platforms\android\AndroidManifest.xml:53:22-63
uses-permission#android.permission.WRITE_EXTERNAL_STORAGE
ADDED from platforms\android\AndroidManifest.xml:54:5-81
	android:name
		ADDED from platforms\android\AndroidManifest.xml:54:22-78
uses-permission#android.permission.DISABLE_KEYGUARD
ADDED from platforms\android\AndroidManifest.xml:55:5-75
	android:name
		ADDED from platforms\android\AndroidManifest.xml:55:22-72
uses-permission#android.permission.ACCESS_COARSE_LOCATION
ADDED from platforms\android\AndroidManifest.xml:56:5-81
	android:name
		ADDED from platforms\android\AndroidManifest.xml:56:22-78
uses-permission#android.permission.ACCESS_WIFI_STATE
ADDED from platforms\android\AndroidManifest.xml:57:5-76
	android:name
		ADDED from platforms\android\AndroidManifest.xml:57:22-73